  [  3.4522e+01  4.5716e+00  5.8318e+00  3.3305e-01  2.0830e-01                                                              ]  [ 1.2679e+02 ]
  [  4.5716e+00  1.4523e+01  7.3443e+00  2.9283e+00  6.1565e-01  2.6077e-01                                                  ]  [ 8.7461e+01 ]
  [  5.8318e+00  7.3443e+00  2.0581e+01  5.2968e+00  9.5333e+00  3.3599e-01  7.0823e-01                                      ]  [ 1.0667e+02 ]
  [  3.3305e-01  2.9283e+00  5.2968e+00  1.2135e+01  8.7637e+00  5.5779e+00  1.2395e+00  2.1395e-02                          ]  [ 3.9178e+01 ]
  [  2.0830e-01  6.1565e-01  9.5333e+00  8.7637e+00  6.8181e+01  6.8689e+00  9.7160e+00  2.1956e-01  4.1556e-01              ]  [ 1.8966e+02 ]
  [              2.6077e-01  3.3599e-01  5.5779e+00  6.8689e+00  3.0861e+01  6.9285e+00  6.2809e+00  1.1191e+00  8.4714e-01  ]  [ 8.9078e+01 ]
  [                          7.0823e-01  1.2395e+00  9.7160e+00  6.9285e+00  1.4406e+01  3.2033e+00  5.2141e+00  2.5646e-01  ]  [ 8.1399e+01 ]
  [                                      2.1395e-02  2.1956e-01  6.2809e+00  3.2033e+00  4.4090e+01  7.0795e+00  7.8320e+00  ]  [ 1.2898e+02 ]
  [                                                  4.1556e-01  1.1191e+00  5.2141e+00  7.0795e+00  1.5214e+01  1.1272e+00  ]  [ 5.1160e+01 ]
  [                                                              8.4714e-01  2.5646e-01  7.8320e+00  1.1272e+00  1.0920e+01  ]  [ 4.8038e+01 ]
vetor x: 
1.923807130811203   3.154660141142642   2.714941440129611   1.691202599968534   1.457143505432872   1.512016633560377   2.959852621297083   1.532343424984396   1.761451892149047   2.304373572326342   
vetor x anterior: 
0   0   0   0   0   0   0   0   0   0   
norma:3.154660 > 0.000010:eps 
it:2  maxit: 100
vetor x: 
1.923807130811202   3.154660141142642   2.714941440129611   1.691202599968534   1.457143505432872   1.512016633560377   2.959852621297083   1.532343424984396   1.761451892149047   2.304373572326342   
vetor x anterior: 
1.923807130811203   3.154660141142642   2.714941440129611   1.691202599968534   1.457143505432872   1.512016633560377   2.959852621297083   1.532343424984396   1.761451892149047   2.304373572326342   
norma:0.000000 > 0.000010:eps 
it:3  maxit: 100
output:
10
29.250793
1.923807130811202   3.154660141142642   2.714941440129611   1.691202599968534   1.457143505432872   1.512016633560377   2.959852621297083   1.532343424984396   1.761451892149047   2.304373572326342   
1757.7567
0.011711999
2179400.4
0.00096200034
