  [  1.2421e+01  3.9931e+00  7.6112e-02                                                                                                                                                  ]  [ 4.0750e+01 ]
  [  3.9931e+00  1.4478e+01  3.1198e+00  1.5728e-01                                                                                                                                      ]  [ 1.9220e+01 ]
  [  7.6112e-02  3.1198e+00  2.3181e+01  2.6262e+00  2.0135e-01                                                                                                                          ]  [ 5.1751e+01 ]
  [              1.5728e-01  2.6262e+00  1.4599e+00  4.6112e+00  4.6320e-01                                                                                                              ]  [ 1.6920e+01 ]
  [                          2.0135e-01  4.6112e+00  3.0074e+01  4.9651e+00  2.6030e-01                                                                                                  ]  [ 3.4683e+01 ]
  [                                      4.6320e-01  4.9651e+00  3.3269e+01  7.6497e+00  4.7174e-01                                                                                      ]  [ 6.2666e+01 ]
  [                                                  2.6030e-01  7.6497e+00  2.0150e+01  4.0160e+00  4.8238e-01                                                                          ]  [ 2.1229e+01 ]
  [                                                              4.7174e-01  4.0160e+00  4.1047e+00  4.0304e+00  1.9112e-01                                                              ]  [ 1.9331e+01 ]
  [                                                                          4.8238e-01  4.0304e+00  2.1376e+01  2.8790e+00  3.2712e-02                                                  ]  [ 3.7769e+01 ]
  [                                                                                      1.9112e-01  2.8790e+00  2.6961e+00  1.3701e+00  3.0069e-01                                      ]  [ 2.0893e+01 ]
  [                                                                                                  3.2712e-02  1.3701e+00  4.9837e+00  2.8736e+00  2.4715e-01                          ]  [ 2.7479e+01 ]
  [                                                                                                              3.0069e-01  2.8736e+00  8.5567e+00  1.4366e+00  2.7223e-02              ]  [ 2.4799e+01 ]
  [                                                                                                                          2.4715e-01  1.4366e+00  8.0680e-01  1.2216e+00  2.9492e-02  ]  [ 9.4018e+00 ]
  [                                                                                                                                      2.7223e-02  1.2216e+00  3.6239e+00  6.2336e-01  ]  [ 2.7925e+01 ]
  [                                                                                                                                                  2.9492e-02  6.2336e-01  1.6348e+01  ]  [ 4.2901e+01 ]
it:2  maxit: 100
it:3  maxit: 100
output:
15
14.131602
1.88940670285329   0.7645128831736094   1.28563493391342   6.674454376967548   0.6641567008818537   1.084752824913541   0.6067059480970957   2.712158745208429   1.017534999339708   4.462888649819601   3.175376665086913   1.669034048021768   6.711001515298809   4.437721177923559   1.511251046018858   
1065.1997
0.035998
1246815.7
0.0019640001
