  [  1.2421e+01  3.9931e+00  7.6112e-02                                                                                                                                                  ]  [ 4.0750e+01 ]
  [  3.9931e+00  1.4478e+01  3.1198e+00  1.5728e-01                                                                                                                                      ]  [ 1.9220e+01 ]
  [  7.6112e-02  3.1198e+00  2.3181e+01  2.6262e+00  2.0135e-01                                                                                                                          ]  [ 5.1751e+01 ]
  [              1.5728e-01  2.6262e+00  1.4599e+00  4.6112e+00  4.6320e-01                                                                                                              ]  [ 1.6920e+01 ]
  [                          2.0135e-01  4.6112e+00  3.0074e+01  4.9651e+00  2.6030e-01                                                                                                  ]  [ 3.4683e+01 ]
  [                                      4.6320e-01  4.9651e+00  3.3269e+01  7.6497e+00  4.7174e-01                                                                                      ]  [ 6.2666e+01 ]
  [                                                  2.6030e-01  7.6497e+00  2.0150e+01  4.0160e+00  4.8238e-01                                                                          ]  [ 2.1229e+01 ]
  [                                                              4.7174e-01  4.0160e+00  4.1047e+00  4.0304e+00  1.9112e-01                                                              ]  [ 1.9331e+01 ]
  [                                                                          4.8238e-01  4.0304e+00  2.1376e+01  2.8790e+00  3.2712e-02                                                  ]  [ 3.7769e+01 ]
  [                                                                                      1.9112e-01  2.8790e+00  2.6961e+00  1.3701e+00  3.0069e-01                                      ]  [ 2.0893e+01 ]
  [                                                                                                  3.2712e-02  1.3701e+00  4.9837e+00  2.8736e+00  2.4715e-01                          ]  [ 2.7479e+01 ]
  [                                                                                                              3.0069e-01  2.8736e+00  8.5567e+00  1.4366e+00  2.7223e-02              ]  [ 2.4799e+01 ]
  [                                                                                                                          2.4715e-01  1.4366e+00  8.0680e-01  1.2216e+00  2.9492e-02  ]  [ 9.4018e+00 ]
  [                                                                                                                                      2.7223e-02  1.2216e+00  3.6239e+00  6.2336e-01  ]  [ 2.7925e+01 ]
  [                                                                                                                                                  2.9492e-02  6.2336e-01  1.6348e+01  ]  [ 4.2901e+01 ]
it:2  maxit: 100
it:3  maxit: 100
output:
15
17.762048
1.596294112762981   0.7529231245060984   2.027246344907725   0.6627957559921763   1.35863432716558   2.454826466273296   0.8315900080007357   0.7572596444257442   1.479542757739358   0.8184557480965862   1.076456671605849   0.9714465758666242   0.3682979576056689   1.09391385937179   1.680566386712905   
1061.9289
0.031579
1725535.7
0.0019129999
