  [  1.3755e+00                                                  ]  [ 4.1517e+00 ]
  [              3.7242e-01                                      ]  [ 4.9234e-01 ]
  [                          1.4989e+00                          ]  [ 4.5267e+00 ]
  [                                      2.5701e+00              ]  [ 2.3442e+00 ]
  [                                                  2.4993e+00  ]  [ 2.3864e+00 ]
vetor x: 
2.462854072492479   0.292063572689453   2.685325207310748   1.390596454347113   1.41562980674179   
vetor x anterior: 
0   0   0   0   0   
norma:2.685325 > 0.000010:eps 
it:2  maxit: 100
vetor x: 
2.462854072492478   0.2920635726894528   2.685325207310748   1.390596454347113   1.415629806741791   
vetor x anterior: 
2.462854072492479   0.292063572689453   2.685325207310748   1.390596454347113   1.41562980674179   
norma:0.000000 > 0.000010:eps 
it:3  maxit: 100
output:
5
0.76392835
2.462854072492478   0.2920635726894528   2.685325207310748   1.390596454347113   1.415629806741791   
15.657551
0.0038169995
2179564.3
0.00032099988
