  [  6.8390e+01  6.1103e+00  7.2698e+00  1.6413e+01  6.0260e-01  5.7584e-01  4.3200e-01                                                                                                                                                              ]  [ 2.2867e+02 ]
  [  6.1103e+00  1.2738e+02  6.3254e+00  1.4833e+01  1.2229e+01  7.6956e-01  7.2958e-01  7.0247e-01                                                                                                                                                  ]  [ 2.1422e+02 ]
  [  7.2698e+00  6.3254e+00  1.2783e+02  1.4801e+01  1.0525e+01  1.7215e+01  6.9541e-01  2.9154e-01  6.7214e-01                                                                                                                                      ]  [ 3.4559e+02 ]
  [  1.6413e+01  1.4833e+01  1.4801e+01  9.4576e+01  6.3733e+00  1.1795e+01  1.2778e+01  4.3250e-01  1.3172e+00  2.6386e-02                                                                                                                          ]  [ 1.5142e+02 ]
  [  6.0260e-01  1.2229e+01  1.0525e+01  6.3733e+00  5.9709e+01  8.1881e+00  1.4230e+01  8.8665e+00  1.9938e+00  3.5954e-01  1.0671e-01                                                                                                              ]  [ 1.6797e+02 ]
  [  5.7584e-01  7.6956e-01  1.7215e+01  1.1795e+01  8.1881e+00  7.6060e+01  1.2304e+01  1.1443e+00  8.6784e+00  1.4976e-01  3.2179e-01  2.9656e-01                                                                                                  ]  [ 2.7018e+02 ]
  [  4.3200e-01  7.2958e-01  6.9541e-01  1.2778e+01  1.4230e+01  1.2304e+01  1.1682e+02  5.6118e+00  1.3286e+01  1.7578e+00  5.0414e-01  3.8591e-01  3.8626e-05                                                                                      ]  [ 2.5375e+02 ]
  [              7.0247e-01  2.9154e-01  4.3250e-01  8.8665e+00  1.1443e+00  5.6118e+00  5.6219e+00  6.3231e+00  1.9081e+00  9.5874e+00  9.8639e-01  1.9257e-02  3.9610e-01                                                                          ]  [ 8.1887e+01 ]
  [                          6.7214e-01  1.3172e+00  1.9938e+00  8.6784e+00  1.3286e+01  6.3231e+00  2.2912e+01  1.1562e+01  1.3350e+01  6.5165e+00  2.0515e-01  5.6739e-01  1.6189e-01                                                              ]  [ 1.1444e+02 ]
  [                                      2.6386e-02  3.5954e-01  1.4976e-01  1.7578e+00  1.9081e+00  1.1562e+01  1.1655e+02  1.4564e+01  1.6298e+01  5.8410e+00  1.0617e+00  8.5556e-01  4.0599e-01                                                  ]  [ 2.4204e+02 ]
  [                                                  1.0671e-01  3.2179e-01  5.0414e-01  9.5874e+00  1.3350e+01  1.4564e+01  1.6249e+02  9.0446e+00  1.0722e+01  8.5760e+00  1.1004e+00  1.1152e+00  8.7569e-02                                      ]  [ 3.7885e+02 ]
  [                                                              2.9656e-01  3.8591e-01  9.8639e-01  6.5165e+00  1.6298e+01  9.0446e+00  9.5026e+01  2.0166e+01  8.9599e+00  8.7911e+00  8.7521e-01  4.2506e-02  8.4658e-02                          ]  [ 1.3014e+02 ]
  [                                                                          3.8626e-05  1.9257e-02  2.0515e-01  5.8410e+00  1.0722e+01  2.0166e+01  1.4992e+02  8.3468e+00  1.0506e+01  1.8652e+01  4.8686e-01  2.1559e-01  5.0272e-01              ]  [ 2.8596e+02 ]
  [                                                                                      3.9610e-01  5.6739e-01  1.0617e+00  8.5760e+00  8.9599e+00  8.3468e+00  3.3485e+00  2.7893e+00  1.2357e+01  1.0454e+00  6.2124e-01  8.6654e-01  3.8370e-03  ]  [ 6.6488e+01 ]
  [                                                                                                  1.6189e-01  8.5556e-01  1.1004e+00  8.7911e+00  1.0506e+01  2.7893e+00  3.7485e+00  7.4798e+00  2.3447e+00  3.4671e+00  7.8525e-01  3.0055e-01  ]  [ 5.2345e+01 ]
  [                                                                                                              4.0599e-01  1.1152e+00  8.7521e-01  1.8652e+01  1.2357e+01  7.4798e+00  1.4420e+02  1.5216e+01  2.7443e+00  1.1619e+01  6.9223e-01  ]  [ 1.7343e+02 ]
  [                                                                                                                          8.7569e-02  4.2506e-02  4.8686e-01  1.0454e+00  2.3447e+00  1.5216e+01  1.5086e+02  7.5212e+00  1.3209e+01  1.2975e+01  ]  [ 2.5475e+02 ]
  [                                                                                                                                      8.4658e-02  2.1559e-01  6.2124e-01  3.4671e+00  2.7443e+00  7.5212e+00  4.4841e+01  5.0324e+00  9.3265e+00  ]  [ 7.2314e+01 ]
  [                                                                                                                                                  5.0272e-01  8.6654e-01  7.8525e-01  1.1619e+01  1.3209e+01  5.0324e+00  2.5134e+00  7.8582e+00  ]  [ 2.3658e+01 ]
  [                                                                                                                                                              3.8370e-03  3.0055e-01  6.9223e-01  1.2975e+01  9.3265e+00  7.8582e+00  1.8918e+02  ]  [ 3.1525e+02 ]
it:2  maxit: 100
it:3  maxit: 100
output:
20
98.947763
1.329498285947401   1.245469158683387   2.009271939094971   0.8803821888774143   0.9765668074130694   1.570853919674281   1.475334741291289   0.4760998502528583   0.665361710804321   1.407217664746643   2.202666800072897   0.756655917581469   1.662568425558609   0.3865674327868938   0.3043392418980905   1.008325062721909   1.481120409869583   0.4204394642123318   0.1375472216964179   1.832887445232946   
9609.8296
0.074619
1725506.3
0.003327
